<?xml version="1.0" encoding="UTF-8"?>
<testsuite name="academy utest" tests="1" skipped="1" failures="0" errors="0" timestamp="2022-04-13T03:03:46" hostname="LAPTOP-UA1FDUSG" time="0.111">
  <properties/>
  <testcase name="Find a mobile app testing course" classname="academy utest" time="0.111">
    <skipped/>
  </testcase>
  <system-out><![CDATA[]]></system-out>
  <system-err><![CDATA[[Test worker] WARN net.thucydides.core.steps.BaseStepListener - stepStarted: net.thucydides.core.steps.ExecutedStepDescription@1d8627e8
[Test worker] INFO net.thucydides.core.steps.ConsoleLoggingListener - TEST PENDING
[Test worker] WARN net.thucydides.core.steps.BaseStepListener - stepStarted: net.thucydides.core.steps.ExecutedStepDescription@1bfbeee2
[Test worker] WARN net.thucydides.core.steps.BaseStepListener - stepStarted: net.thucydides.core.steps.ExecutedStepDescription@3a17fd41
[Test worker] WARN net.thucydides.core.steps.BaseStepListener - testFinished: Find a mobile app testing course:Given that Juan wants to learn testing on the utest platform, When he searches for the uTest Mobile App course on the utest academy platform, Then he finds the course called uTest Mobile App
[Test worker] WARN net.thucydides.core.steps.BaseStepListener - TestOutcomes: [Find a mobile app testing course:Given that Juan wants to learn testing on the utest platform, When he searches for the uTest Mobile App course on the utest academy platform, Then he finds the course called uTest Mobile App]
[Test worker] WARN net.thucydides.core.steps.BaseStepListener - Final testOutcomes: [Find a mobile app testing course:Given that Juan wants to learn testing on the utest platform, When he searches for the uTest Mobile App course on the utest academy platform, Then he finds the course called uTest Mobile App]
[Test worker] INFO net.thucydides.core.steps.ConsoleLoggingListener - 
          __  _____ _____ ____ _____   ____  _____ _   _ ____ ___ _   _  ____ 
 _       / / |_   _| ____/ ___|_   _| |  _ \| ____| \ | |  _ \_ _| \ | |/ ___|
(_)____ / /    | | |  _| \___ \ | |   | |_) |  _| |  \| | | | | ||  \| | |  _ 
 |_____/ /     | | | |___ ___) || |   |  __/| |___| |\  | |_| | || |\  | |_| |
(_)   /_/      |_| |_____|____/ |_|   |_|   |_____|_| \_|____/___|_| \_|\____|
                                                                                

TEST PENDING: Find a mobile app testing course
---------------------------------------------------------------------------------
]]></system-err>
</testsuite>
