<?xml version="1.0" encoding="UTF-8"?>
<testsuite name="runners.RunnerTags" tests="0" skipped="0" failures="0" errors="0" timestamp="1970-01-01T00:00:00" hostname="LAPTOP-UA1FDUSG" time="0.0">
  <properties/>
  <system-out><![CDATA[REGISTER BASE STEP LISTENER net.thucydides.core.steps.BaseStepListener@76584e7e

1 Scenarios (?[33m1 undefined?[0m)
3 Steps (?[33m3 undefined?[0m)
0m1,225s


You can implement missing steps with the snippets below:


@Given("^that Juan wants to learn testing on the utest platform$")
public void thatJuanWantsToLearnTestingOnTheUtestPlatform() {
    // Write code here that turns the phrase above into concrete actions
    throw new PendingException();
}

@When("^he searches for the uTest Mobile App course on the utest academy platform$")
public void heSearchesForTheUTestMobileAppCourseOnTheUtestAcademyPlatform() {
    // Write code here that turns the phrase above into concrete actions
    throw new PendingException();
}

@Then("^he finds the course called uTest Mobile App$")
public void heFindsTheCourseCalledUTestMobileApp() {
    // Write code here that turns the phrase above into concrete actions
    throw new PendingException();
}

]]></system-out>
  <system-err><![CDATA[[Test worker] INFO net.thucydides.core.steps.ConsoleLoggingListener - 

-------------------------------------------------------------------------------------
     _______. _______ .______       _______ .__   __.  __  .___________.____    ____ 
    /       ||   ____||   _  \     |   ____||  \ |  | |  | |           |\   \  /   / 
   |   (----`|  |__   |  |_)  |    |  |__   |   \|  | |  | `---|  |----` \   \/   /  
    \   \    |   __|  |      /     |   __|  |  . `  | |  |     |  |       \_    _/   
.----)   |   |  |____ |  |\  \----.|  |____ |  |\   | |  |     |  |         |  |     
|_______/    |_______|| _| `._____||_______||__| \__| |__|     |__|         |__|    
                                                                                     
 News and tutorials at http://www.serenity-bdd.info                                  
 Documentation at https://wakaleo.gitbooks.io/the-serenity-book/content/             
 Join the Serenity Community on Rocket Chat at https://serenity-bdd.rocket.chat      
 Serenity BDD Support and Training at http://serenity-bdd.info/#/trainingandsupport  
 Learn Serenity BDD online at http://serenity-dojo.com                               
-------------------------------------------------------------------------------------

[Test worker] INFO net.thucydides.core.steps.ConsoleLoggingListener - Test Suite Started: academy utest
[Test worker] WARN net.thucydides.core.steps.BaseStepListener - testStarted: Find a mobile app testing course/academy-utest;find-a-mobile-app-testing-course
[Test worker] INFO net.thucydides.core.steps.ConsoleLoggingListener - 
 _____ _____ ____ _____   ____ _____  _    ____ _____ _____ ____  
|_   _| ____/ ___|_   _| / ___|_   _|/ \  |  _ \_   _| ____|  _ \ 
  | | |  _| \___ \ | |   \___ \ | | / _ \ | |_) || | |  _| | | | |
  | | | |___ ___) || |    ___) || |/ ___ \|  _ < | | | |___| |_| |
  |_| |_____|____/ |_|   |____/ |_/_/   \_\_| \_\|_| |_____|____/ 
                                                                  

TEST STARTED: Find a mobile app testing course
-------------------------------------------------------------------(academy-utest;find-a-mobile-app-testing-course)
[pool-2-thread-1] INFO net.thucydides.core.requirements.PackageRequirementsTagProvider - Loading requirements from package requirements at: net.thucydides.showcase.cucumber.junit
]]></system-err>
</testsuite>
